2025-05-24 15:16:12 [scrapy.utils.log] INFO: Scrapy 2.13.0 started (bot: arxiv_scraper)
2025-05-24 15:16:12 [scrapy.utils.log] INFO: Versions:
{'lxml': '5.4.0',
 'libxml2': '2.11.9',
 'cssselect': '1.3.0',
 'parsel': '1.10.0',
 'w3lib': '2.3.1',
 'Twisted': '24.11.0',
 'Python': '3.11.11 | packaged by Anaconda, Inc. | (main, Dec 11 2024, '
           '16:34:19) [MSC v.1929 64 bit (AMD64)]',
 'pyOpenSSL': '25.1.0 (OpenSSL 3.5.0 8 Apr 2025)',
 'cryptography': '45.0.2',
 'Platform': 'Windows-10-10.0.19045-SP0'}
2025-05-24 15:16:12 [arxiv] INFO: Spider initialized with keyword: 'zero trust', start_date: 2020-01-01
2025-05-24 15:16:12 [scrapy.addons] INFO: Enabled addons:
[]
2025-05-24 15:16:12 [scrapy.extensions.telnet] INFO: Telnet Password: e0bb62a105d06460
2025-05-24 15:16:12 [scrapy.middleware] INFO: Enabled extensions:
['scrapy.extensions.corestats.CoreStats',
 'scrapy.extensions.telnet.TelnetConsole',
 'scrapy.extensions.logstats.LogStats',
 'scrapy.extensions.throttle.AutoThrottle']
2025-05-24 15:16:12 [scrapy.crawler] INFO: Overridden settings:
{'AUTOTHROTTLE_ENABLED': True,
 'AUTOTHROTTLE_MAX_DELAY': 10,
 'AUTOTHROTTLE_START_DELAY': 1,
 'AUTOTHROTTLE_TARGET_CONCURRENCY': 4.0,
 'BOT_NAME': 'arxiv_scraper',
 'DOWNLOAD_DELAY': 1,
 'FEED_EXPORT_ENCODING': 'utf-8',
 'LOG_FILE': 'D:\\GitWork\\Scrapilot\\scrapydData\\logs\\arxiv_scraper\\arxiv\\f7041322386e11f08bc2347df6b39001.log',
 'LOG_LEVEL': 'INFO',
 'NEWSPIDER_MODULE': 'arxiv_scraper.spiders',
 'SPIDER_MODULES': ['arxiv_scraper.spiders']}
2025-05-24 15:16:13 [scrapy.middleware] INFO: Enabled downloader middlewares:
['scrapy.downloadermiddlewares.offsite.OffsiteMiddleware',
 'scrapy.downloadermiddlewares.httpauth.HttpAuthMiddleware',
 'scrapy.downloadermiddlewares.downloadtimeout.DownloadTimeoutMiddleware',
 'scrapy.downloadermiddlewares.defaultheaders.DefaultHeadersMiddleware',
 'scrapy.downloadermiddlewares.useragent.UserAgentMiddleware',
 'scrapy.downloadermiddlewares.retry.RetryMiddleware',
 'scrapy.downloadermiddlewares.redirect.MetaRefreshMiddleware',
 'scrapy.downloadermiddlewares.httpcompression.HttpCompressionMiddleware',
 'scrapy.downloadermiddlewares.redirect.RedirectMiddleware',
 'scrapy.downloadermiddlewares.cookies.CookiesMiddleware',
 'scrapy.downloadermiddlewares.httpproxy.HttpProxyMiddleware',
 'scrapy.downloadermiddlewares.stats.DownloaderStats']
2025-05-24 15:16:13 [scrapy.middleware] INFO: Enabled spider middlewares:
['scrapy.spidermiddlewares.start.StartSpiderMiddleware',
 'scrapy.spidermiddlewares.httperror.HttpErrorMiddleware',
 'scrapy.spidermiddlewares.referer.RefererMiddleware',
 'scrapy.spidermiddlewares.urllength.UrlLengthMiddleware',
 'scrapy.spidermiddlewares.depth.DepthMiddleware']
2025-05-24 15:16:13 [twisted] CRITICAL: Unhandled error in Deferred:
2025-05-24 15:16:13 [twisted] CRITICAL: 
Traceback (most recent call last):
  File "C:\env\miniconda\envs\Gspider\Lib\site-packages\twisted\internet\defer.py", line 2017, in _inlineCallbacks
    result = context.run(gen.send, result)
             ^^^^^^^^^^^^^^^^^^^^^^^^^^^^^
  File "C:\env\miniconda\envs\Gspider\Lib\site-packages\scrapy\crawler.py", line 156, in crawl
    self.engine = self._create_engine()
                  ^^^^^^^^^^^^^^^^^^^^^
  File "C:\env\miniconda\envs\Gspider\Lib\site-packages\scrapy\crawler.py", line 169, in _create_engine
    return ExecutionEngine(self, lambda _: self.stop())
           ^^^^^^^^^^^^^^^^^^^^^^^^^^^^^^^^^^^^^^^^^^^^
  File "C:\env\miniconda\envs\Gspider\Lib\site-packages\scrapy\core\engine.py", line 111, in __init__
    self.scraper: Scraper = Scraper(crawler)
                            ^^^^^^^^^^^^^^^^
  File "C:\env\miniconda\envs\Gspider\Lib\site-packages\scrapy\core\scraper.py", line 107, in __init__
    self.itemproc: ItemPipelineManager = itemproc_cls.from_crawler(crawler)
                                         ^^^^^^^^^^^^^^^^^^^^^^^^^^^^^^^^^^
  File "C:\env\miniconda\envs\Gspider\Lib\site-packages\scrapy\middleware.py", line 77, in from_crawler
    return cls._from_settings(crawler.settings, crawler)
           ^^^^^^^^^^^^^^^^^^^^^^^^^^^^^^^^^^^^^^^^^^^^^
  File "C:\env\miniconda\envs\Gspider\Lib\site-packages\scrapy\middleware.py", line 86, in _from_settings
    mwcls = load_object(clspath)
            ^^^^^^^^^^^^^^^^^^^^
  File "C:\env\miniconda\envs\Gspider\Lib\site-packages\scrapy\utils\misc.py", line 71, in load_object
    mod = import_module(module)
          ^^^^^^^^^^^^^^^^^^^^^
  File "C:\env\miniconda\envs\Gspider\Lib\importlib\__init__.py", line 126, in import_module
    return _bootstrap._gcd_import(name[level:], package, level)
           ^^^^^^^^^^^^^^^^^^^^^^^^^^^^^^^^^^^^^^^^^^^^^^^^^^^^
  File "<frozen importlib._bootstrap>", line 1204, in _gcd_import
  File "<frozen importlib._bootstrap>", line 1176, in _find_and_load
  File "<frozen importlib._bootstrap>", line 1147, in _find_and_load_unlocked
  File "<frozen importlib._bootstrap>", line 690, in _load_unlocked
  File "<frozen importlib._bootstrap_external>", line 940, in exec_module
  File "<frozen importlib._bootstrap>", line 241, in _call_with_frames_removed
  File "d:\gitwork\scrapilot\scrapyddata\eggs\arxiv_scraper\1748070272.egg\arxiv_scraper\pipelines.py", line 4, in <module>
    import pandas as pd
ModuleNotFoundError: No module named 'pandas'
